
WEC-Sim Read Input File ...   
Elapsed time is 0.162847 seconds.

WEC-Sim Pre-processing ...   
Elapsed time is 1.464851 seconds.

WEC-Sim Simulation Settings:
	Start Time                     (sec) = 0
	End Time                       (sec) = 5000
	Time Step Size                 (sec) = 0.1
	Ramp Function Time             (sec) = 1
	Convolution Integral Interval  (sec) = 30
	Total Number of Time Steps           = 50000 

Wave Environment: 
	Wave Type                            = Irregular Waves (Predefined Random Phase)
	Spectrum Type                        = Pierson-Moskowitz  
	Significant Wave Height, Hs      (m) = 1.25
	Peak Wave Period, Tp           (sec) = 7.25

List of Body: Number of Bodies = 2 

	***** Body Number 1, Name: flap *****
	Body CG                          (m) = [0,0,-3.9]
	Body Mass                       (kg) = 127000 
	Body Diagonal MOI              (kgm2)= [1.85E+06,1.85E+06,1.85E+06]

	***** Body Number 2, Name: base *****
	Body CG                          (m) = [0,0,-10.9]
	Body Mass                       (kg) = 999 
	Body Diagonal MOI              (kgm2)= [999,999,999]

List of PTO(s): Number of PTOs = 1 

	***** PTO Name: PTO1 *****
	PTO Stiffness           (N/m;Nm/rad) = 0
	PTO Damping           (Ns/m;Nsm/rad) = 0

List of Constraint(s): Number of Constraints = 1 

	***** Constraint Name: Constraint1 *****


Simulating the WEC device defined in the SimMechanics model C:\Users\hsche\Documents\MATLAB\wecsim-local\WEC-Sim_Applications\PTO-Sim\OSWEC\30-Apr-FINAL-MergedModel\Merged_Model.slx...   
Elapsed time is 3.925617 seconds.

Post-processing and saving...   

Q_in_avg_meas =

   0.014456189427497


Q2_Qin =

   0.774682624015348


P_kvalve_min =

  28.262642900946108


P_mvalve_min =

  14.443801576092195


Q_p_avg_m3_day =

     1.704119572766026e+03


SEC_final =

   2.390823312819323


LCOW =

   2.337840276371076

Elapsed time is 0.756880 seconds.
